<?xml version="1.0" encoding="UTF-8"?>
<!-- Generated by org.testng.reporters.JUnitXMLReporter -->
<testsuite ignored="0" hostname="DESKTOP-7V04JF6" failures="0" tests="3" name="Default test" time="0.139" errors="0" timestamp="2022-08-05T16:31:04 IST">
  <testcase classname="com.dataProvider.DataProviderClass" name="accepter" time="0.009"/>
  <testcase classname="com.dataProvider.DataProviderClass" name="accepter" time="0.002"/>
  <testcase classname="com.dataProvider.DataProviderClass" name="accepter" time="0.004"/>
</testsuite> <!-- Default test -->
