<?xml version="1.0" encoding="UTF-8"?>
<!-- Generated by org.testng.reporters.JUnitXMLReporter -->
<testsuite ignored="3" hostname="DESKTOP-6HMH41Q" failures="0" tests="1" name="Default test" time="36.233" errors="0" timestamp="2022-08-10T17:12:52 IST">
  <testcase classname="com.ofos.RestaurantsModuleTest.RestaurantsModuleTest" name="tc_12clickResteaurantSelectFood" time="5.921"/>
  <testcase classname="com.ofos.RestaurantsModuleTest.RestaurantsModuleTest" name="tc_8ResteaurantSelectfood" time="0.0">
    <ignored/>
  </testcase> <!-- tc_8ResteaurantSelectfood -->
  <testcase classname="com.ofos.RestaurantsModuleTest.RestaurantsModuleTest" name="clickrestaurant" time="0.0">
    <ignored/>
  </testcase> <!-- clickrestaurant -->
  <testcase classname="com.ofos.RestaurantsModuleTest.RestaurantsModuleTest" name="resteaurantSelectTheFood" time="0.0">
    <ignored/>
  </testcase> <!-- resteaurantSelectTheFood -->
</testsuite> <!-- Default test -->
