<?xml version="1.0" encoding="UTF-8"?>
<testng-results ignored="0" total="2" passed="2" failed="0" skipped="0">
  <reporter-output>
  </reporter-output>
  <suite started-at="2022-08-04T13:21:05 IST" name="Default suite" finished-at="2022-08-04T13:21:05 IST" duration-ms="356">
    <groups>
    </groups>
    <test started-at="2022-08-04T13:21:05 IST" name="Default test" finished-at="2022-08-04T13:21:05 IST" duration-ms="356">
      <class name="com.DataProviderTest.DataProviderTest">
        <test-method signature="amazon(java.lang.String,java.lang.String)[pri:0, instance:com.DataProviderTest.DataProviderTest@7726e185]" started-at="2022-08-04T13:21:05 IST" name="amazon" data-provider="addToCart" finished-at="2022-08-04T13:21:05 IST" duration-ms="28" status="PASS">
          <params>
            <param index="0">
              <value>
                <![CDATA[apple11]]>
              </value>
            </param>
            <param index="1">
              <value>
                <![CDATA[apple12]]>
              </value>
            </param>
          </params>
          <reporter-output>
          </reporter-output>
        </test-method> <!-- amazon -->
        <test-method signature="amazon(java.lang.String,java.lang.String)[pri:0, instance:com.DataProviderTest.DataProviderTest@7726e185]" started-at="2022-08-04T13:21:05 IST" name="amazon" data-provider="addToCart" finished-at="2022-08-04T13:21:05 IST" duration-ms="13" status="PASS">
          <params>
            <param index="0">
              <value>
                <![CDATA[vivo12]]>
              </value>
            </param>
            <param index="1">
              <value>
                <![CDATA[vivo12F]]>
              </value>
            </param>
          </params>
          <reporter-output>
          </reporter-output>
        </test-method> <!-- amazon -->
      </class> <!-- com.DataProviderTest.DataProviderTest -->
    </test> <!-- Default test -->
  </suite> <!-- Default suite -->
</testng-results>
